{"C:\\Users\\hp\\OneDrive\\Desktop\\NamasteReactJs\\Ep13\\src\\components\\demo.js": {"path":"C:\\Users\\hp\\OneDrive\\Desktop\\NamasteReactJs\\Ep13\\src\\components\\demo.js","statementMap":{"0":{"start":{"line":1,"column":13},"end":{"line":4,"column":1}},"1":{"start":{"line":2,"column":4},"end":{"line":2,"column":64}},"2":{"start":{"line":3,"column":4},"end":{"line":3,"column":16}},"3":{"start":{"line":6,"column":0},"end":{"line":6,"column":22}}},"fnMap":{"0":{"name":"(anonymous_0)","decl":{"start":{"line":1,"column":13},"end":{"line":1,"column":14}},"loc":{"start":{"line":1,"column":23},"end":{"line":4,"column":1}},"line":1}},"branchMap":{},"s":{"0":1,"1":1,"2":1,"3":1},"f":{"0":1},"b":{},"_coverageSchema":"1a1c01bbd47fc00a2c39e90264f33305004495a9","hash":"3a533826ae774f8b819c0c4e97622524c4fa1189"}
}
